ğŸ§ª ==========================================
ğŸ§ª Tests Ã‰tendus TaskFlow ADHD
ğŸ§ª ==========================================

ğŸ” 1. Tests d'authentification Ã©tendus...
  Testing Login avec mauvais mot de passe... [0;32mâœ“ OK[0m (HTTP 401)
  Testing Login avec email invalide... [0;31mâœ— FAIL[0m (HTTP 401, expected 422)

ğŸ“‹ 2. Tests CRUD TÃ¢ches...
  Testing GET /tasks/{id}... Traceback (most recent call last):
  File "<string>", line 1, in <module>
    import sys, json; data=json.load(sys.stdin); exit(0 if "id" in data and "title" in data else 1)
                           ~~~~~~~~~^^^^^^^^^^^
  File "/usr/lib/python3.13/json/__init__.py", line 298, in load
    return loads(fp.read(),
        cls=cls, object_hook=object_hook,
        parse_float=parse_float, parse_int=parse_int,
        parse_constant=parse_constant, object_pairs_hook=object_pairs_hook, **kw)
  File "/usr/lib/python3.13/json/__init__.py", line 352, in loads
    return _default_decoder.decode(s)
           ~~~~~~~~~~~~~~~~~~~~~~~^^^
  File "/usr/lib/python3.13/json/decoder.py", line 345, in decode
    obj, end = self.raw_decode(s, idx=_w(s, 0).end())
               ~~~~~~~~~~~~~~~^^^^^^^^^^^^^^^^^^^^^^^
  File "/usr/lib/python3.13/json/decoder.py", line 363, in raw_decode
    raise JSONDecodeError("Expecting value", s, err.value) from None
json.decoder.JSONDecodeError: Expecting value: line 1 column 1 (char 0)
[0;31mâœ— FAIL[0m (HTTP 200, validation failed)
  Testing PUT /tasks/{id}... [0;31mâœ— FAIL[0m (HTTP 500, expected 200)
  Testing DELETE /tasks/{id}... [0;32mâœ“ OK[0m (HTTP 200)
  Testing POST /tasks (donnÃ©es invalides)... [0;31mâœ— FAIL[0m (HTTP 200, expected 422)

ğŸ”„ 3. Tests Workflows...
  Testing GET /workflows... Traceback (most recent call last):
  File "<string>", line 1, in <module>
    import sys, json; data=json.load(sys.stdin); exit(0 if isinstance(data, list) else 1)
                           ~~~~~~~~~^^^^^^^^^^^
  File "/usr/lib/python3.13/json/__init__.py", line 298, in load
    return loads(fp.read(),
        cls=cls, object_hook=object_hook,
        parse_float=parse_float, parse_int=parse_int,
        parse_constant=parse_constant, object_pairs_hook=object_pairs_hook, **kw)
  File "/usr/lib/python3.13/json/__init__.py", line 352, in loads
    return _default_decoder.decode(s)
           ~~~~~~~~~~~~~~~~~~~~~~~^^^
  File "/usr/lib/python3.13/json/decoder.py", line 345, in decode
    obj, end = self.raw_decode(s, idx=_w(s, 0).end())
               ~~~~~~~~~~~~~~~^^^^^^^^^^^^^^^^^^^^^^^
  File "/usr/lib/python3.13/json/decoder.py", line 363, in raw_decode
    raise JSONDecodeError("Expecting value", s, err.value) from None
json.decoder.JSONDecodeError: Expecting value: line 1 column 1 (char 0)
[0;31mâœ— FAIL[0m (HTTP 200, validation failed)
  Testing GET /workflows/{id}... [0;31mâœ— FAIL[0m (HTTP 405, expected 200)
  Testing DELETE /workflows/{id}... [0;32mâœ“ OK[0m (HTTP 200)

ğŸ“ 4. Tests Templates...
  Testing GET /templates... [0;32mâœ“ OK[0m (HTTP 200)

ğŸ·ï¸  5. Tests Tags...
  Testing GET /tags... [0;32mâœ“ OK[0m (HTTP 200)
  Testing DELETE /tags/{id}... [0;32mâœ“ OK[0m (HTTP 200)

ğŸ“„ 6. Tests Notes...
  Testing GET /notes... [0;32mâœ“ OK[0m (HTTP 200)
  Testing GET /notes/{id}... [0;31mâœ— FAIL[0m (HTTP 405, expected 200)
  Testing DELETE /notes/{id}... [0;32mâœ“ OK[0m (HTTP 200)

ğŸ“Š 7. Tests Statistiques...
  Testing GET /stats/dashboard... [0;32mâœ“ OK[0m (HTTP 200)
  Testing GET /stats/time-comparison... [0;32mâœ“ OK[0m (HTTP 200)

âš¡ 8. Tests Energy...
  Testing GET /energy/current... [0;32mâœ“ OK[0m (HTTP 200)
  Testing GET /energy/logs... [0;32mâœ“ OK[0m (HTTP 200)
  Testing POST /energy/log... [0;32mâœ“ OK[0m (HTTP 200)

â˜• 9. Tests Breaks...
  Testing GET /breaks/today... [0;32mâœ“ OK[0m (HTTP 200)
  Testing POST /breaks... [0;31mâœ— FAIL[0m (HTTP 404, expected 200)

ğŸ”” 10. Tests Reminders...
  Testing GET /reminders/pending... [0;32mâœ“ OK[0m (HTTP 200)
  Testing DELETE /reminders/{id}... [0;32mâœ“ OK[0m (HTTP 200)

ğŸ§  11. Tests Attention...
  Testing GET /attention/stats... [0;32mâœ“ OK[0m (HTTP 200)
  Testing GET /attention/recommendations... [0;32mâœ“ OK[0m (HTTP 200)
  Testing GET /attention/history... [0;32mâœ“ OK[0m (HTTP 200)
  Testing GET /attention/patterns... [0;32mâœ“ OK[0m (HTTP 200)
  Testing POST /attention/session... [0;32mâœ“ OK[0m (HTTP 200)

ğŸ¤– 12. Tests IA...
  Testing GET /ai/suggest-next-task... [0;31mâœ— FAIL[0m (HTTP 500, expected 200)
  Testing GET /ai/suggest-break... [0;32mâœ“ OK[0m (HTTP 200)
  Testing GET /ai/suggest-task-timing... [0;31mâœ— FAIL[0m (HTTP 422, expected 200)

ğŸ”’ 13. Tests d'autorisation...
  Testing GET /tasks (sans token)... [0;31mâœ— FAIL[0m (HTTP 403, expected 401)
  Testing GET /tasks (token invalide)... [0;32mâœ“ OK[0m (HTTP 401)

ğŸ“Š ==========================================
ğŸ“Š RÃ©sumÃ© des tests Ã©tendus
ğŸ“Š ==========================================
  [0;32mâœ“ SuccÃ¨s: 23[0m
  [0;31mâœ— Erreurs: 11[0m
  [0;34mTotal: 34[0m

[0;31mâŒ Certains tests Ã©tendus ont Ã©chouÃ©.[0m
